<?xml version="1.0" encoding="UTF-8"?>
<testsuites name="DD_Cura_Login_test_suite" time="49.42" tests="2" failures="0" errors="0">
   <testsuite name="DD_Cura_Login_test_suite" tests="2" failures="0" errors="0" time="49.42" skipped="0" timestamp="27-01-2024T10:24:57" hostname="sneha - 10.1.60.174" id="Test Suites/Data_driven_testing_Cura_Login_001_Testsuite/DD_Cura_Login_test_suite">
      <properties>
         <property name="deviceName" value=""/>
         <property name="devicePlatform" value=""/>
         <property name="logFolder" value="C:\\Users\\sneha\\Katalon Studio\\SI-GuidedProject-706119-1705124660\\Reports\\20240127_102451\\Data_driven_testing_Cura_Login_001_Testsuite\\DD_Cura_Login_test_suite\\20240127_102451"/>
         <property name="logFiles" value="C:\\Users\\sneha\\Katalon Studio\\SI-GuidedProject-706119-1705124660\\Reports\\20240127_102451\\Data_driven_testing_Cura_Login_001_Testsuite\\DD_Cura_Login_test_suite\\20240127_102451\\execution0.log"/>
         <property name="attachments" value=""/>
         <property name="hostName" value="sneha - 10.1.60.174"/>
         <property name="os" value="Windows 11 64bit"/>
         <property name="katalonVersion" value="9.1.0.212"/>
         <property name="browser" value="Chrome 121.0.0.0"/>
         <property name="hostAddress" value="10.1.60.174"/>
         <property name="sessionId" value="a462005c57351ea78d0fa6419e9c72ea"/>
         <property name="seleniumVersion" value="3.141.59"/>
         <property name="proxyInformation" value="ProxyInformation { proxyOption=NO_PROXY, proxyServerType=HTTP, username=, password=********, proxyServerAddress=, proxyServerPort=0, executionList=&quot;&quot;, isApplyToDesiredCapabilities=true }"/>
         <property name="platform" value="Windows 11"/>
      </properties>
      <testcase name="Test Cases/Data_Driven_Testing_Cura_Login_001/TC_Cura_Login__001_DD" time="17.594" classname="Test Cases/Data_Driven_Testing_Cura_Login_001/TC_Cura_Login__001_DD" status="PASSED">
         <system-out><![CDATA[27-01-2024T10:24:57 - [TEST_CASE][PASSED] - Test Cases/Data_Driven_Testing_Cura_Login_001/TC_Cura_Login__001_DD: Test Cases/Data_Driven_Testing_Cura_Login_001/TC_Cura_Login__001_DD

27-01-2024T10:24:58 - [TEST_STEP][PASSED] - openBrowser(""): Browser is opened with url: ''

27-01-2024T10:24:58 - [MESSAGE][INFO] - Starting 'Chrome' driver

27-01-2024T10:24:58 - [MESSAGE][INFO] - Action delay is set to 0 milliseconds

27-01-2024T10:25:00 - [MESSAGE][PASSED] - Browser is opened with url: ''

27-01-2024T10:25:00 - [TEST_STEP][PASSED] - navigateToUrl("https://katalon-demo-cura.herokuapp.com/"): Navigate to 'https://katalon-demo-cura.herokuapp.com/' successfully

27-01-2024T10:25:05 - [MESSAGE][PASSED] - Navigate to 'https://katalon-demo-cura.herokuapp.com/' successfully

27-01-2024T10:25:05 - [TEST_STEP][PASSED] - click(findTestObject("Object Repository/Cura_Login_object_Repository/Page_CURA Healthcare Service/i_fa fa-bars")): Object: 'Object Repository/Cura_Login_object_Repository/Page_CURA Healthcare Service/i_fa fa-bars' is clicked on

27-01-2024T10:25:06 - [MESSAGE][PASSED] - Object: 'Object Repository/Cura_Login_object_Repository/Page_CURA Healthcare Service/i_fa fa-bars' is clicked on

27-01-2024T10:25:06 - [TEST_STEP][PASSED] - click(findTestObject("Object Repository/Cura_Login_object_Repository/Page_CURA Healthcare Service/a_Login")): Object: 'Object Repository/Cura_Login_object_Repository/Page_CURA Healthcare Service/a_Login' is clicked on

27-01-2024T10:25:07 - [MESSAGE][PASSED] - Object: 'Object Repository/Cura_Login_object_Repository/Page_CURA Healthcare Service/a_Login' is clicked on

27-01-2024T10:25:07 - [TEST_STEP][PASSED] - setText(findTestObject("Object Repository/Cura_Login_object_Repository/Page_CURA Healthcare Service/input_username"), Username): Text 'John Doe' is set on object 'Object Repository/Cura_Login_object_Repository/Page_CURA Healthcare Service/input_username'

27-01-2024T10:25:07 - [MESSAGE][PASSED] - Text 'John Doe' is set on object 'Object Repository/Cura_Login_object_Repository/Page_CURA Healthcare Service/input_username'

27-01-2024T10:25:07 - [TEST_STEP][PASSED] - setText(findTestObject("Object Repository/Cura_Login_object_Repository/Page_CURA Healthcare Service/input_password"), Password): Text 'ThisIsNotAPassword' is set on object 'Object Repository/Cura_Login_object_Repository/Page_CURA Healthcare Service/input_password'

27-01-2024T10:25:08 - [MESSAGE][PASSED] - Text 'ThisIsNotAPassword' is set on object 'Object Repository/Cura_Login_object_Repository/Page_CURA Healthcare Service/input_password'

27-01-2024T10:25:08 - [TEST_STEP][PASSED] - click(findTestObject("Object Repository/Cura_Login_object_Repository/Page_CURA Healthcare Service/button_Login")): Object: 'Object Repository/Cura_Login_object_Repository/Page_CURA Healthcare Service/button_Login' is clicked on

27-01-2024T10:25:09 - [MESSAGE][PASSED] - Object: 'Object Repository/Cura_Login_object_Repository/Page_CURA Healthcare Service/button_Login' is clicked on

27-01-2024T10:25:09 - [TEST_STEP][PASSED] - delay(5): Delayed 5 second(s)

27-01-2024T10:25:14 - [MESSAGE][PASSED] - Delayed 5 second(s)

27-01-2024T10:25:14 - [TEST_STEP][PASSED] - closeBrowser(): Browser is closed

27-01-2024T10:25:15 - [MESSAGE][PASSED] - Browser is closed]]></system-out>
         <system-err><![CDATA[]]></system-err>
      </testcase>
      <testcase name="Test Cases/Data_Driven_Testing_Cura_Login_001/TC_Cura_Login__001_DD" time="31.168" classname="Test Cases/Data_Driven_Testing_Cura_Login_001/TC_Cura_Login__001_DD" status="PASSED">
         <system-out><![CDATA[27-01-2024T10:25:15 - [TEST_CASE][PASSED] - Test Cases/Data_Driven_Testing_Cura_Login_001/TC_Cura_Login__001_DD: Test Cases/Data_Driven_Testing_Cura_Login_001/TC_Cura_Login__001_DD

27-01-2024T10:25:15 - [TEST_STEP][PASSED] - openBrowser(""): Browser is opened with url: ''

27-01-2024T10:25:15 - [MESSAGE][INFO] - Starting 'Chrome' driver

27-01-2024T10:25:15 - [MESSAGE][INFO] - Action delay is set to 0 milliseconds

27-01-2024T10:25:16 - [MESSAGE][PASSED] - Browser is opened with url: ''

27-01-2024T10:25:16 - [TEST_STEP][PASSED] - navigateToUrl("https://katalon-demo-cura.herokuapp.com/"): Navigate to 'https://katalon-demo-cura.herokuapp.com/' successfully

27-01-2024T10:25:34 - [MESSAGE][PASSED] - Navigate to 'https://katalon-demo-cura.herokuapp.com/' successfully

27-01-2024T10:25:34 - [TEST_STEP][PASSED] - click(findTestObject("Object Repository/Cura_Login_object_Repository/Page_CURA Healthcare Service/i_fa fa-bars")): Object: 'Object Repository/Cura_Login_object_Repository/Page_CURA Healthcare Service/i_fa fa-bars' is clicked on

27-01-2024T10:25:35 - [MESSAGE][PASSED] - Object: 'Object Repository/Cura_Login_object_Repository/Page_CURA Healthcare Service/i_fa fa-bars' is clicked on

27-01-2024T10:25:35 - [TEST_STEP][PASSED] - click(findTestObject("Object Repository/Cura_Login_object_Repository/Page_CURA Healthcare Service/a_Login")): Object: 'Object Repository/Cura_Login_object_Repository/Page_CURA Healthcare Service/a_Login' is clicked on

27-01-2024T10:25:38 - [MESSAGE][PASSED] - Object: 'Object Repository/Cura_Login_object_Repository/Page_CURA Healthcare Service/a_Login' is clicked on

27-01-2024T10:25:38 - [TEST_STEP][PASSED] - setText(findTestObject("Object Repository/Cura_Login_object_Repository/Page_CURA Healthcare Service/input_username"), Username): Text 'John Doe' is set on object 'Object Repository/Cura_Login_object_Repository/Page_CURA Healthcare Service/input_username'

27-01-2024T10:25:38 - [MESSAGE][PASSED] - Text 'John Doe' is set on object 'Object Repository/Cura_Login_object_Repository/Page_CURA Healthcare Service/input_username'

27-01-2024T10:25:38 - [TEST_STEP][PASSED] - setText(findTestObject("Object Repository/Cura_Login_object_Repository/Page_CURA Healthcare Service/input_password"), Password): Text '12345' is set on object 'Object Repository/Cura_Login_object_Repository/Page_CURA Healthcare Service/input_password'

27-01-2024T10:25:39 - [MESSAGE][PASSED] - Text '12345' is set on object 'Object Repository/Cura_Login_object_Repository/Page_CURA Healthcare Service/input_password'

27-01-2024T10:25:39 - [TEST_STEP][PASSED] - click(findTestObject("Object Repository/Cura_Login_object_Repository/Page_CURA Healthcare Service/button_Login")): Object: 'Object Repository/Cura_Login_object_Repository/Page_CURA Healthcare Service/button_Login' is clicked on

27-01-2024T10:25:41 - [MESSAGE][PASSED] - Object: 'Object Repository/Cura_Login_object_Repository/Page_CURA Healthcare Service/button_Login' is clicked on

27-01-2024T10:25:41 - [TEST_STEP][PASSED] - delay(5): Delayed 5 second(s)

27-01-2024T10:25:46 - [MESSAGE][PASSED] - Delayed 5 second(s)

27-01-2024T10:25:46 - [TEST_STEP][PASSED] - closeBrowser(): Browser is closed

27-01-2024T10:25:46 - [MESSAGE][PASSED] - Browser is closed]]></system-out>
         <system-err><![CDATA[]]></system-err>
      </testcase>
      <system-out><![CDATA[27-01-2024T10:24:57 - [TEST_SUITE][PASSED] - DD_Cura_Login_test_suite: Test Cases/Data_Driven_Testing_Cura_Login_001/TC_Cura_Login__001_DD]]></system-out>
      <system-err><![CDATA[]]></system-err>
   </testsuite>
</testsuites>
