<?xml version="1.0" encoding="UTF-8"?>
<testsuites name="Test Suite_Cura_Login_DDT" time="32.095" tests="2" failures="0" errors="0">
   <testsuite name="Test Suite_Cura_Login_DDT" tests="2" failures="0" errors="0" time="32.095" skipped="0" timestamp="01-02-2024T18:10:12" hostname="sneha - 10.1.60.193" id="Test Suites/DDT_Cura_Login_TestSuite/Test Suite_Cura_Login_DDT">
      <properties>
         <property name="deviceName" value=""/>
         <property name="devicePlatform" value=""/>
         <property name="logFolder" value="C:\\Users\\sneha\\git\\SI-GuidedProject-706119-1705124660\\Reports\\20240201_181002\\DDT_Cura_Login_TestSuite\\Test Suite_Cura_Login_DDT\\20240201_181003"/>
         <property name="logFiles" value="C:\\Users\\sneha\\git\\SI-GuidedProject-706119-1705124660\\Reports\\20240201_181002\\DDT_Cura_Login_TestSuite\\Test Suite_Cura_Login_DDT\\20240201_181003\\execution0.log"/>
         <property name="attachments" value=""/>
         <property name="hostName" value="sneha - 10.1.60.193"/>
         <property name="os" value="Windows 11 64bit"/>
         <property name="katalonVersion" value="9.1.0.212"/>
         <property name="browser" value="Chrome 121.0.0.0"/>
         <property name="hostAddress" value="10.1.60.193"/>
         <property name="sessionId" value="8d8c89c36cd12802c95ce49bc292fdfa"/>
         <property name="seleniumVersion" value="3.141.59"/>
         <property name="proxyInformation" value="ProxyInformation { proxyOption=NO_PROXY, proxyServerType=HTTP, username=, password=********, proxyServerAddress=, proxyServerPort=0, executionList=&quot;&quot;, isApplyToDesiredCapabilities=true }"/>
         <property name="platform" value="Windows 11"/>
      </properties>
      <testcase name="Test Cases/Data Driven Testing_Cura_Login/TC_Cura_Login_001_DDT" time="19.376" classname="Test Cases/Data Driven Testing_Cura_Login/TC_Cura_Login_001_DDT" status="PASSED">
         <system-out><![CDATA[01-02-2024T18:10:13 - [TEST_CASE][PASSED] - Test Cases/Data Driven Testing_Cura_Login/TC_Cura_Login_001_DDT: Test Cases/Data Driven Testing_Cura_Login/TC_Cura_Login_001_DDT

01-02-2024T18:10:13 - [TEST_STEP][PASSED] - openBrowser(""): Browser is opened with url: ''

01-02-2024T18:10:14 - [MESSAGE][INFO] - Starting 'Chrome' driver

01-02-2024T18:10:14 - [MESSAGE][INFO] - Action delay is set to 0 milliseconds

01-02-2024T18:10:16 - [MESSAGE][PASSED] - Browser is opened with url: ''

01-02-2024T18:10:16 - [TEST_STEP][PASSED] - navigateToUrl("https://katalon-demo-cura.herokuapp.com/"): Navigate to 'https://katalon-demo-cura.herokuapp.com/' successfully

01-02-2024T18:10:26 - [MESSAGE][PASSED] - Navigate to 'https://katalon-demo-cura.herokuapp.com/' successfully

01-02-2024T18:10:26 - [TEST_STEP][PASSED] - click(findTestObject("Object Repository/Data Driven Testing Cura Login OR/Page_CURA Healthcare Service/i_fa fa-bars")): Object: 'Object Repository/Data Driven Testing Cura Login OR/Page_CURA Healthcare Service/i_fa fa-bars' is clicked on

01-02-2024T18:10:27 - [MESSAGE][PASSED] - Object: 'Object Repository/Data Driven Testing Cura Login OR/Page_CURA Healthcare Service/i_fa fa-bars' is clicked on

01-02-2024T18:10:27 - [TEST_STEP][PASSED] - click(findTestObject("Object Repository/Data Driven Testing Cura Login OR/Page_CURA Healthcare Service/a_Login")): Object: 'Object Repository/Data Driven Testing Cura Login OR/Page_CURA Healthcare Service/a_Login' is clicked on

01-02-2024T18:10:28 - [MESSAGE][PASSED] - Object: 'Object Repository/Data Driven Testing Cura Login OR/Page_CURA Healthcare Service/a_Login' is clicked on

01-02-2024T18:10:28 - [TEST_STEP][PASSED] - setText(findTestObject("Object Repository/Data Driven Testing Cura Login OR/Page_CURA Healthcare Service/input_username"), Username): Text 'John Doe' is set on object 'Object Repository/Data Driven Testing Cura Login OR/Page_CURA Healthcare Service/input_username'

01-02-2024T18:10:29 - [MESSAGE][PASSED] - Text 'John Doe' is set on object 'Object Repository/Data Driven Testing Cura Login OR/Page_CURA Healthcare Service/input_username'

01-02-2024T18:10:29 - [TEST_STEP][PASSED] - setText(findTestObject("Object Repository/Data Driven Testing Cura Login OR/Page_CURA Healthcare Service/input_password"), Password): Text 'ThisIsNotAPassword' is set on object 'Object Repository/Data Driven Testing Cura Login OR/Page_CURA Healthcare Service/input_password'

01-02-2024T18:10:30 - [MESSAGE][PASSED] - Text 'ThisIsNotAPassword' is set on object 'Object Repository/Data Driven Testing Cura Login OR/Page_CURA Healthcare Service/input_password'

01-02-2024T18:10:30 - [TEST_STEP][PASSED] - click(findTestObject("Object Repository/Data Driven Testing Cura Login OR/Page_CURA Healthcare Service/button_Login")): Object: 'Object Repository/Data Driven Testing Cura Login OR/Page_CURA Healthcare Service/button_Login' is clicked on

01-02-2024T18:10:32 - [MESSAGE][PASSED] - Object: 'Object Repository/Data Driven Testing Cura Login OR/Page_CURA Healthcare Service/button_Login' is clicked on

01-02-2024T18:10:32 - [TEST_STEP][PASSED] - closeBrowser(): Browser is closed

01-02-2024T18:10:32 - [MESSAGE][PASSED] - Browser is closed]]></system-out>
         <system-err><![CDATA[]]></system-err>
      </testcase>
      <testcase name="Test Cases/Data Driven Testing_Cura_Login/TC_Cura_Login_001_DDT" time="12.08" classname="Test Cases/Data Driven Testing_Cura_Login/TC_Cura_Login_001_DDT" status="PASSED">
         <system-out><![CDATA[01-02-2024T18:10:32 - [TEST_CASE][PASSED] - Test Cases/Data Driven Testing_Cura_Login/TC_Cura_Login_001_DDT: Test Cases/Data Driven Testing_Cura_Login/TC_Cura_Login_001_DDT

01-02-2024T18:10:33 - [TEST_STEP][PASSED] - openBrowser(""): Browser is opened with url: ''

01-02-2024T18:10:33 - [MESSAGE][INFO] - Starting 'Chrome' driver

01-02-2024T18:10:33 - [MESSAGE][INFO] - Action delay is set to 0 milliseconds

01-02-2024T18:10:34 - [MESSAGE][PASSED] - Browser is opened with url: ''

01-02-2024T18:10:34 - [TEST_STEP][PASSED] - navigateToUrl("https://katalon-demo-cura.herokuapp.com/"): Navigate to 'https://katalon-demo-cura.herokuapp.com/' successfully

01-02-2024T18:10:40 - [MESSAGE][PASSED] - Navigate to 'https://katalon-demo-cura.herokuapp.com/' successfully

01-02-2024T18:10:40 - [TEST_STEP][PASSED] - click(findTestObject("Object Repository/Data Driven Testing Cura Login OR/Page_CURA Healthcare Service/i_fa fa-bars")): Object: 'Object Repository/Data Driven Testing Cura Login OR/Page_CURA Healthcare Service/i_fa fa-bars' is clicked on

01-02-2024T18:10:40 - [MESSAGE][PASSED] - Object: 'Object Repository/Data Driven Testing Cura Login OR/Page_CURA Healthcare Service/i_fa fa-bars' is clicked on

01-02-2024T18:10:40 - [TEST_STEP][PASSED] - click(findTestObject("Object Repository/Data Driven Testing Cura Login OR/Page_CURA Healthcare Service/a_Login")): Object: 'Object Repository/Data Driven Testing Cura Login OR/Page_CURA Healthcare Service/a_Login' is clicked on

01-02-2024T18:10:41 - [MESSAGE][PASSED] - Object: 'Object Repository/Data Driven Testing Cura Login OR/Page_CURA Healthcare Service/a_Login' is clicked on

01-02-2024T18:10:41 - [TEST_STEP][PASSED] - setText(findTestObject("Object Repository/Data Driven Testing Cura Login OR/Page_CURA Healthcare Service/input_username"), Username): Text 'John Doe' is set on object 'Object Repository/Data Driven Testing Cura Login OR/Page_CURA Healthcare Service/input_username'

01-02-2024T18:10:42 - [MESSAGE][PASSED] - Text 'John Doe' is set on object 'Object Repository/Data Driven Testing Cura Login OR/Page_CURA Healthcare Service/input_username'

01-02-2024T18:10:42 - [TEST_STEP][PASSED] - setText(findTestObject("Object Repository/Data Driven Testing Cura Login OR/Page_CURA Healthcare Service/input_password"), Password): Text '12345' is set on object 'Object Repository/Data Driven Testing Cura Login OR/Page_CURA Healthcare Service/input_password'

01-02-2024T18:10:43 - [MESSAGE][PASSED] - Text '12345' is set on object 'Object Repository/Data Driven Testing Cura Login OR/Page_CURA Healthcare Service/input_password'

01-02-2024T18:10:43 - [TEST_STEP][PASSED] - click(findTestObject("Object Repository/Data Driven Testing Cura Login OR/Page_CURA Healthcare Service/button_Login")): Object: 'Object Repository/Data Driven Testing Cura Login OR/Page_CURA Healthcare Service/button_Login' is clicked on

01-02-2024T18:10:44 - [MESSAGE][PASSED] - Object: 'Object Repository/Data Driven Testing Cura Login OR/Page_CURA Healthcare Service/button_Login' is clicked on

01-02-2024T18:10:44 - [TEST_STEP][PASSED] - closeBrowser(): Browser is closed

01-02-2024T18:10:44 - [MESSAGE][PASSED] - Browser is closed]]></system-out>
         <system-err><![CDATA[]]></system-err>
      </testcase>
      <system-out><![CDATA[01-02-2024T18:10:12 - [TEST_SUITE][PASSED] - Test Suite_Cura_Login_DDT: Test Cases/Data Driven Testing_Cura_Login/TC_Cura_Login_001_DDT]]></system-out>
      <system-err><![CDATA[]]></system-err>
   </testsuite>
</testsuites>
