<?xml version="1.0" encoding="UTF-8"?>
<testsuites name="DD_Cura_Login_test_suite" time="55.216" tests="2" failures="0" errors="0">
   <testsuite name="DD_Cura_Login_test_suite" tests="2" failures="0" errors="0" time="55.216" skipped="0" timestamp="27-01-2024T10:40:14" hostname="sneha - 10.1.60.174" id="Test Suites/Data_driven_testing_Cura_Login_001_Testsuite/DD_Cura_Login_test_suite">
      <properties>
         <property name="deviceName" value=""/>
         <property name="devicePlatform" value=""/>
         <property name="logFolder" value="C:\\Users\\sneha\\Katalon Studio\\SI-GuidedProject-706119-1705124660\\Reports\\20240127_103957\\Data_driven_testing_Cura_Login_001_Testsuite\\DD_Cura_Login_test_suite\\20240127_104001"/>
         <property name="logFiles" value="C:\\Users\\sneha\\Katalon Studio\\SI-GuidedProject-706119-1705124660\\Reports\\20240127_103957\\Data_driven_testing_Cura_Login_001_Testsuite\\DD_Cura_Login_test_suite\\20240127_104001\\execution0.log"/>
         <property name="attachments" value=""/>
         <property name="hostName" value="sneha - 10.1.60.174"/>
         <property name="os" value="Windows 11 64bit"/>
         <property name="katalonVersion" value="9.1.0.212"/>
         <property name="browser" value="Firefox 121.0"/>
         <property name="hostAddress" value="10.1.60.174"/>
         <property name="sessionId" value="ea5c7bf2-ee9b-45b2-9fb7-1b0603045e53"/>
         <property name="seleniumVersion" value="3.141.59"/>
         <property name="proxyInformation" value="ProxyInformation { proxyOption=NO_PROXY, proxyServerType=HTTP, username=, password=********, proxyServerAddress=, proxyServerPort=0, executionList=&quot;&quot;, isApplyToDesiredCapabilities=true }"/>
         <property name="platform" value="Windows 11"/>
      </properties>
      <testcase name="Test Cases/Data_Driven_Testing_Cura_Login_001/TC_Cura_Login__001_DD" time="37.812" classname="Test Cases/Data_Driven_Testing_Cura_Login_001/TC_Cura_Login__001_DD" status="PASSED">
         <system-out><![CDATA[27-01-2024T10:40:14 - [TEST_CASE][PASSED] - Test Cases/Data_Driven_Testing_Cura_Login_001/TC_Cura_Login__001_DD: Test Cases/Data_Driven_Testing_Cura_Login_001/TC_Cura_Login__001_DD

27-01-2024T10:40:16 - [TEST_STEP][PASSED] - openBrowser(""): Browser is opened with url: ''

27-01-2024T10:40:16 - [MESSAGE][INFO] - Starting 'Firefox' driver

27-01-2024T10:40:17 - [MESSAGE][INFO] - Action delay is set to 0 milliseconds

27-01-2024T10:40:25 - [MESSAGE][PASSED] - Browser is opened with url: ''

27-01-2024T10:40:25 - [TEST_STEP][PASSED] - navigateToUrl("https://katalon-demo-cura.herokuapp.com/"): Navigate to 'https://katalon-demo-cura.herokuapp.com/' successfully

27-01-2024T10:40:41 - [MESSAGE][PASSED] - Navigate to 'https://katalon-demo-cura.herokuapp.com/' successfully

27-01-2024T10:40:41 - [TEST_STEP][PASSED] - click(findTestObject("Object Repository/Cura_Login_object_Repository/Page_CURA Healthcare Service/i_fa fa-bars")): Object: 'Object Repository/Cura_Login_object_Repository/Page_CURA Healthcare Service/i_fa fa-bars' is clicked on

27-01-2024T10:40:42 - [MESSAGE][PASSED] - Object: 'Object Repository/Cura_Login_object_Repository/Page_CURA Healthcare Service/i_fa fa-bars' is clicked on

27-01-2024T10:40:42 - [TEST_STEP][PASSED] - click(findTestObject("Object Repository/Cura_Login_object_Repository/Page_CURA Healthcare Service/a_Login")): Object: 'Object Repository/Cura_Login_object_Repository/Page_CURA Healthcare Service/a_Login' is clicked on

27-01-2024T10:40:43 - [MESSAGE][PASSED] - Object: 'Object Repository/Cura_Login_object_Repository/Page_CURA Healthcare Service/a_Login' is clicked on

27-01-2024T10:40:43 - [TEST_STEP][PASSED] - setText(findTestObject("Object Repository/Cura_Login_object_Repository/Page_CURA Healthcare Service/input_username"), Username): Text 'John Doe' is set on object 'Object Repository/Cura_Login_object_Repository/Page_CURA Healthcare Service/input_username'

27-01-2024T10:40:44 - [MESSAGE][PASSED] - Text 'John Doe' is set on object 'Object Repository/Cura_Login_object_Repository/Page_CURA Healthcare Service/input_username'

27-01-2024T10:40:44 - [TEST_STEP][PASSED] - setText(findTestObject("Object Repository/Cura_Login_object_Repository/Page_CURA Healthcare Service/input_password"), Password): Text 'ThisIsNotAPassword' is set on object 'Object Repository/Cura_Login_object_Repository/Page_CURA Healthcare Service/input_password'

27-01-2024T10:40:45 - [MESSAGE][PASSED] - Text 'ThisIsNotAPassword' is set on object 'Object Repository/Cura_Login_object_Repository/Page_CURA Healthcare Service/input_password'

27-01-2024T10:40:45 - [TEST_STEP][PASSED] - click(findTestObject("Object Repository/Cura_Login_object_Repository/Page_CURA Healthcare Service/button_Login")): Object: 'Object Repository/Cura_Login_object_Repository/Page_CURA Healthcare Service/button_Login' is clicked on

27-01-2024T10:40:46 - [MESSAGE][PASSED] - Object: 'Object Repository/Cura_Login_object_Repository/Page_CURA Healthcare Service/button_Login' is clicked on

27-01-2024T10:40:46 - [TEST_STEP][PASSED] - delay(5): Delayed 5 second(s)

27-01-2024T10:40:51 - [MESSAGE][PASSED] - Delayed 5 second(s)

27-01-2024T10:40:51 - [TEST_STEP][PASSED] - closeBrowser(): Browser is closed

27-01-2024T10:40:52 - [MESSAGE][PASSED] - Browser is closed]]></system-out>
         <system-err><![CDATA[]]></system-err>
      </testcase>
      <testcase name="Test Cases/Data_Driven_Testing_Cura_Login_001/TC_Cura_Login__001_DD" time="16.681" classname="Test Cases/Data_Driven_Testing_Cura_Login_001/TC_Cura_Login__001_DD" status="PASSED">
         <system-out><![CDATA[27-01-2024T10:40:52 - [TEST_CASE][PASSED] - Test Cases/Data_Driven_Testing_Cura_Login_001/TC_Cura_Login__001_DD: Test Cases/Data_Driven_Testing_Cura_Login_001/TC_Cura_Login__001_DD

27-01-2024T10:40:52 - [TEST_STEP][PASSED] - openBrowser(""): Browser is opened with url: ''

27-01-2024T10:40:52 - [MESSAGE][INFO] - Starting 'Firefox' driver

27-01-2024T10:40:52 - [MESSAGE][INFO] - Action delay is set to 0 milliseconds

27-01-2024T10:40:57 - [MESSAGE][PASSED] - Browser is opened with url: ''

27-01-2024T10:40:57 - [TEST_STEP][PASSED] - navigateToUrl("https://katalon-demo-cura.herokuapp.com/"): Navigate to 'https://katalon-demo-cura.herokuapp.com/' successfully

27-01-2024T10:41:00 - [MESSAGE][PASSED] - Navigate to 'https://katalon-demo-cura.herokuapp.com/' successfully

27-01-2024T10:41:00 - [TEST_STEP][PASSED] - click(findTestObject("Object Repository/Cura_Login_object_Repository/Page_CURA Healthcare Service/i_fa fa-bars")): Object: 'Object Repository/Cura_Login_object_Repository/Page_CURA Healthcare Service/i_fa fa-bars' is clicked on

27-01-2024T10:41:00 - [MESSAGE][PASSED] - Object: 'Object Repository/Cura_Login_object_Repository/Page_CURA Healthcare Service/i_fa fa-bars' is clicked on

27-01-2024T10:41:00 - [TEST_STEP][PASSED] - click(findTestObject("Object Repository/Cura_Login_object_Repository/Page_CURA Healthcare Service/a_Login")): Object: 'Object Repository/Cura_Login_object_Repository/Page_CURA Healthcare Service/a_Login' is clicked on

27-01-2024T10:41:01 - [MESSAGE][PASSED] - Object: 'Object Repository/Cura_Login_object_Repository/Page_CURA Healthcare Service/a_Login' is clicked on

27-01-2024T10:41:01 - [TEST_STEP][PASSED] - setText(findTestObject("Object Repository/Cura_Login_object_Repository/Page_CURA Healthcare Service/input_username"), Username): Text 'John Doe' is set on object 'Object Repository/Cura_Login_object_Repository/Page_CURA Healthcare Service/input_username'

27-01-2024T10:41:02 - [MESSAGE][PASSED] - Text 'John Doe' is set on object 'Object Repository/Cura_Login_object_Repository/Page_CURA Healthcare Service/input_username'

27-01-2024T10:41:02 - [TEST_STEP][PASSED] - setText(findTestObject("Object Repository/Cura_Login_object_Repository/Page_CURA Healthcare Service/input_password"), Password): Text '12345' is set on object 'Object Repository/Cura_Login_object_Repository/Page_CURA Healthcare Service/input_password'

27-01-2024T10:41:02 - [MESSAGE][PASSED] - Text '12345' is set on object 'Object Repository/Cura_Login_object_Repository/Page_CURA Healthcare Service/input_password'

27-01-2024T10:41:02 - [TEST_STEP][PASSED] - click(findTestObject("Object Repository/Cura_Login_object_Repository/Page_CURA Healthcare Service/button_Login")): Object: 'Object Repository/Cura_Login_object_Repository/Page_CURA Healthcare Service/button_Login' is clicked on

27-01-2024T10:41:03 - [MESSAGE][PASSED] - Object: 'Object Repository/Cura_Login_object_Repository/Page_CURA Healthcare Service/button_Login' is clicked on

27-01-2024T10:41:03 - [TEST_STEP][PASSED] - delay(5): Delayed 5 second(s)

27-01-2024T10:41:08 - [MESSAGE][PASSED] - Delayed 5 second(s)

27-01-2024T10:41:08 - [TEST_STEP][PASSED] - closeBrowser(): Browser is closed

27-01-2024T10:41:09 - [MESSAGE][PASSED] - Browser is closed]]></system-out>
         <system-err><![CDATA[]]></system-err>
      </testcase>
      <system-out><![CDATA[27-01-2024T10:40:14 - [TEST_SUITE][PASSED] - DD_Cura_Login_test_suite: Test Cases/Data_Driven_Testing_Cura_Login_001/TC_Cura_Login__001_DD]]></system-out>
      <system-err><![CDATA[]]></system-err>
   </testsuite>
</testsuites>
