<?xml version="1.0" encoding="UTF-8"?>
<testsuites name="Test Listener_Cura_Appointment_Confirmation_Test_Suite_001" time="20.87" tests="1" failures="0" errors="0">
   <testsuite name="Test Listener_Cura_Appointment_Confirmation_Test_Suite_001" tests="1" failures="0" errors="0" time="20.87" skipped="0" timestamp="27-01-2024T11:59:40" hostname="sneha - 10.1.60.174" id="Test Suites/Test Listener_Cura_Appointment_Confirmation/Test Listener_Cura_Appointment_Confirmation_Test_Suite_001">
      <properties>
         <property name="deviceName" value=""/>
         <property name="devicePlatform" value=""/>
         <property name="logFolder" value="C:\\Users\\sneha\\Katalon Studio\\SI-GuidedProject-706119-1705124660\\Reports\\20240127_115932\\Test Listener_Cura_Appointment_Confirmation\\Test Listener_Cura_Appointment_Confirmation_Test_Suite_001\\20240127_115932"/>
         <property name="logFiles" value="C:\\Users\\sneha\\Katalon Studio\\SI-GuidedProject-706119-1705124660\\Reports\\20240127_115932\\Test Listener_Cura_Appointment_Confirmation\\Test Listener_Cura_Appointment_Confirmation_Test_Suite_001\\20240127_115932\\execution0.log"/>
         <property name="attachments" value=""/>
         <property name="hostName" value="sneha - 10.1.60.174"/>
         <property name="os" value="Windows 11 64bit"/>
         <property name="katalonVersion" value="9.1.0.212"/>
         <property name="browser" value="Chrome 121.0.0.0"/>
         <property name="hostAddress" value="10.1.60.174"/>
         <property name="sessionId" value="7280eef59bc214da10d4d66e42062e64"/>
         <property name="seleniumVersion" value="3.141.59"/>
         <property name="proxyInformation" value="ProxyInformation { proxyOption=NO_PROXY, proxyServerType=HTTP, username=, password=********, proxyServerAddress=, proxyServerPort=0, executionList=&quot;&quot;, isApplyToDesiredCapabilities=true }"/>
         <property name="platform" value="Windows 11"/>
      </properties>
      <testcase name="Test Cases/Test_Listener_Make_Appointment/TC_Cura_Make_appointment_Confirmation_001_test_listener" time="11.766" classname="Test Cases/Test_Listener_Make_Appointment/TC_Cura_Make_appointment_Confirmation_001_test_listener" status="PASSED">
         <system-out><![CDATA[27-01-2024T11:59:49 - [TEST_CASE][PASSED] - Test Cases/Test_Listener_Make_Appointment/TC_Cura_Make_appointment_Confirmation_001_test_listener: Test Cases/Test_Listener_Make_Appointment/TC_Cura_Make_appointment_Confirmation_001_test_listener

27-01-2024T11:59:49 - [TEST_STEP][PASSED] - Start listener action : sampleBeforeTestCase: Object: 'Object Repository/Cura Appoinment_Test_Listener_object_repository/Page_CURA Healthcare Service/button_Login' is clicked on

27-01-2024T11:59:49 - [TEST_STEP][PASSED] - setText(findTestObject("Object Repository/Cura Appoinment_Test_Listener_object_repository/Page_CURA Healthcare Service/input_username"), "John Doe"): Text 'John Doe' is set on object 'Object Repository/Cura Appoinment_Test_Listener_object_repository/Page_CURA Healthcare Service/input_username'

27-01-2024T11:59:50 - [MESSAGE][PASSED] - Text 'John Doe' is set on object 'Object Repository/Cura Appoinment_Test_Listener_object_repository/Page_CURA Healthcare Service/input_username'

27-01-2024T11:59:50 - [TEST_STEP][PASSED] - setEncryptedText(findTestObject("Object Repository/Cura Appoinment_Test_Listener_object_repository/Page_CURA Healthcare Service/input_password"), "g3/DOGG74jC3Flrr3yH+3D/yKbOqqUNM"): Text ****** has been set on object 'Object Repository/Cura Appoinment_Test_Listener_object_repository/Page_CURA Healthcare Service/input_password'

27-01-2024T11:59:51 - [MESSAGE][PASSED] - Text ****** has been set on object 'Object Repository/Cura Appoinment_Test_Listener_object_repository/Page_CURA Healthcare Service/input_password'

27-01-2024T11:59:51 - [TEST_STEP][PASSED] - click(findTestObject("Object Repository/Cura Appoinment_Test_Listener_object_repository/Page_CURA Healthcare Service/button_Login")): Object: 'Object Repository/Cura Appoinment_Test_Listener_object_repository/Page_CURA Healthcare Service/button_Login' is clicked on

27-01-2024T11:59:52 - [MESSAGE][PASSED] - Object: 'Object Repository/Cura Appoinment_Test_Listener_object_repository/Page_CURA Healthcare Service/button_Login' is clicked on

27-01-2024T11:59:53 - [TEST_STEP][PASSED] - selectOptionByValue(findTestObject("Object Repository/Cura Appoinment_Test_Listener_object_repository/Page_CURA Healthcare Service/select_Tokyo CURA Healthcare Center        _5b4107"), "Hongkong CURA Healthcare Center", true): All options with value 'Hongkong CURA Healthcare Center' are selected in object 'Object Repository/Cura Appoinment_Test_Listener_object_repository/Page_CURA Healthcare Service/select_Tokyo CURA Healthcare Center        _5b4107'  using regular expression

27-01-2024T11:59:54 - [MESSAGE][PASSED] - All options with value 'Hongkong CURA Healthcare Center' are selected in object 'Object Repository/Cura Appoinment_Test_Listener_object_repository/Page_CURA Healthcare Service/select_Tokyo CURA Healthcare Center        _5b4107'  using regular expression

27-01-2024T11:59:54 - [TEST_STEP][PASSED] - click(findTestObject("Object Repository/Cura Appoinment_Test_Listener_object_repository/Page_CURA Healthcare Service/input_hospital_readmission")): Object: 'Object Repository/Cura Appoinment_Test_Listener_object_repository/Page_CURA Healthcare Service/input_hospital_readmission' is clicked on

27-01-2024T11:59:55 - [MESSAGE][PASSED] - Object: 'Object Repository/Cura Appoinment_Test_Listener_object_repository/Page_CURA Healthcare Service/input_hospital_readmission' is clicked on

27-01-2024T11:59:55 - [TEST_STEP][PASSED] - click(findTestObject("Object Repository/Cura Appoinment_Test_Listener_object_repository/Page_CURA Healthcare Service/label_Medicaid")): Object: 'Object Repository/Cura Appoinment_Test_Listener_object_repository/Page_CURA Healthcare Service/label_Medicaid' is clicked on

27-01-2024T11:59:55 - [MESSAGE][PASSED] - Object: 'Object Repository/Cura Appoinment_Test_Listener_object_repository/Page_CURA Healthcare Service/label_Medicaid' is clicked on

27-01-2024T11:59:55 - [TEST_STEP][PASSED] - click(findTestObject("Object Repository/Cura Appoinment_Test_Listener_object_repository/Page_CURA Healthcare Service/span_glyphicon glyphicon-calendar")): Object: 'Object Repository/Cura Appoinment_Test_Listener_object_repository/Page_CURA Healthcare Service/span_glyphicon glyphicon-calendar' is clicked on

27-01-2024T11:59:56 - [MESSAGE][PASSED] - Object: 'Object Repository/Cura Appoinment_Test_Listener_object_repository/Page_CURA Healthcare Service/span_glyphicon glyphicon-calendar' is clicked on

27-01-2024T11:59:56 - [TEST_STEP][PASSED] - click(findTestObject("Object Repository/Cura Appoinment_Test_Listener_object_repository/Page_CURA Healthcare Service/td_31")): Object: 'Object Repository/Cura Appoinment_Test_Listener_object_repository/Page_CURA Healthcare Service/td_31' is clicked on

27-01-2024T11:59:56 - [MESSAGE][PASSED] - Object: 'Object Repository/Cura Appoinment_Test_Listener_object_repository/Page_CURA Healthcare Service/td_31' is clicked on

27-01-2024T11:59:56 - [TEST_STEP][PASSED] - click(findTestObject("Object Repository/Cura Appoinment_Test_Listener_object_repository/Page_CURA Healthcare Service/button_Book Appointment")): Object: 'Object Repository/Cura Appoinment_Test_Listener_object_repository/Page_CURA Healthcare Service/button_Book Appointment' is clicked on

27-01-2024T11:59:59 - [MESSAGE][PASSED] - Object: 'Object Repository/Cura Appoinment_Test_Listener_object_repository/Page_CURA Healthcare Service/button_Book Appointment' is clicked on

27-01-2024T11:59:59 - [TEST_STEP][PASSED] - click(findTestObject("Object Repository/Cura Appoinment_Test_Listener_object_repository/Page_CURA Healthcare Service/h2_Appointment Confirmation")): Object: 'Object Repository/Cura Appoinment_Test_Listener_object_repository/Page_CURA Healthcare Service/h2_Appointment Confirmation' is clicked on

27-01-2024T11:59:59 - [MESSAGE][PASSED] - Object: 'Object Repository/Cura Appoinment_Test_Listener_object_repository/Page_CURA Healthcare Service/h2_Appointment Confirmation' is clicked on

27-01-2024T11:59:59 - [TEST_STEP][PASSED] - Start listener action : sampleAfterTestCase: Object: 'Object Repository/Cura Appoinment_Test_Listener_object_repository/Page_CURA Healthcare Service/a_Logout' is clicked on

27-01-2024T11:59:59 - [TEST_STEP][PASSED] - click(findTestObject("Object Repository/Cura Appoinment_Test_Listener_object_repository/Page_CURA Healthcare Service/i_fa fa-bars")): Object: 'Object Repository/Cura Appoinment_Test_Listener_object_repository/Page_CURA Healthcare Service/i_fa fa-bars' is clicked on

27-01-2024T11:59:59 - [MESSAGE][PASSED] - Object: 'Object Repository/Cura Appoinment_Test_Listener_object_repository/Page_CURA Healthcare Service/i_fa fa-bars' is clicked on

27-01-2024T11:59:59 - [TEST_STEP][PASSED] - click(findTestObject("Object Repository/Cura Appoinment_Test_Listener_object_repository/Page_CURA Healthcare Service/a_Logout")): Object: 'Object Repository/Cura Appoinment_Test_Listener_object_repository/Page_CURA Healthcare Service/a_Logout' is clicked on

27-01-2024T12:00:01 - [MESSAGE][PASSED] - Object: 'Object Repository/Cura Appoinment_Test_Listener_object_repository/Page_CURA Healthcare Service/a_Logout' is clicked on]]></system-out>
         <system-err><![CDATA[]]></system-err>
      </testcase>
      <system-out><![CDATA[27-01-2024T11:59:40 - [TEST_SUITE][PASSED] - Test Listener_Cura_Appointment_Confirmation_Test_Suite_001: Test Cases/Test_Listener_Make_Appointment/TC_Cura_Make_appointment_Confirmation_001_test_listener]]></system-out>
      <system-err><![CDATA[]]></system-err>
   </testsuite>
</testsuites>
