<?xml version="1.0" encoding="UTF-8"?>
<testsuites name="Test Suite_Cura_Appointment_Confirmation_001_TL" time="32.969" tests="1" failures="0" errors="0">
   <testsuite name="Test Suite_Cura_Appointment_Confirmation_001_TL" tests="1" failures="0" errors="0" time="32.969" skipped="0" timestamp="05-02-2024T22:10:09" hostname="sneha - 10.1.60.203" id="Test Suites/TL_Cura_Appointment_Confirmation_testsuite/Test Suite_Cura_Appointment_Confirmation_001_TL">
      <properties>
         <property name="deviceName" value=""/>
         <property name="devicePlatform" value=""/>
         <property name="logFolder" value="C:\\Users\\sneha\\git\\SI-GuidedProject-706119-1705124660\\Reports\\20240205_220950\\TL_Cura_Appointment_Confirmation_testsuite\\Test Suite_Cura_Appointment_Confirmation_001_TL\\20240205_220951"/>
         <property name="logFiles" value="C:\\Users\\sneha\\git\\SI-GuidedProject-706119-1705124660\\Reports\\20240205_220950\\TL_Cura_Appointment_Confirmation_testsuite\\Test Suite_Cura_Appointment_Confirmation_001_TL\\20240205_220951\\execution0.log"/>
         <property name="attachments" value=""/>
         <property name="hostName" value="sneha - 10.1.60.203"/>
         <property name="os" value="Windows 11 64bit"/>
         <property name="katalonVersion" value="9.1.0.212"/>
         <property name="browser" value="Chrome 121.0.0.0"/>
         <property name="hostAddress" value="10.1.60.203"/>
         <property name="sessionId" value="2f4ec143e2a3e4595f74604c0201e5f4"/>
         <property name="seleniumVersion" value="3.141.59"/>
         <property name="proxyInformation" value="ProxyInformation { proxyOption=NO_PROXY, proxyServerType=HTTP, username=, password=********, proxyServerAddress=, proxyServerPort=0, executionList=&quot;&quot;, isApplyToDesiredCapabilities=true }"/>
         <property name="platform" value="Windows 11"/>
      </properties>
      <testcase name="Test Cases/TestListener_Cura_Appointment_confirmation/TC_cura_Appoitment_Confirmation_001_TL" time="13.826" classname="Test Cases/TestListener_Cura_Appointment_confirmation/TC_cura_Appoitment_Confirmation_001_TL" status="PASSED">
         <system-out><![CDATA[05-02-2024T22:10:28 - [TEST_CASE][PASSED] - Test Cases/TestListener_Cura_Appointment_confirmation/TC_cura_Appoitment_Confirmation_001_TL: Test Cases/TestListener_Cura_Appointment_confirmation/TC_cura_Appoitment_Confirmation_001_TL

05-02-2024T22:10:28 - [TEST_STEP][PASSED] - Start listener action : sampleBeforeTestCase: Object: 'Object Repository/TL_Cura_Appointment_Confirmation_OR/Page_CURA Healthcare Service/button_Login' is clicked on

05-02-2024T22:10:28 - [TEST_STEP][PASSED] - setText(findTestObject("Object Repository/TL_Cura_Appointment_Confirmation_OR/Page_CURA Healthcare Service/input_username"), "John Doe"): Text 'John Doe' is set on object 'Object Repository/TL_Cura_Appointment_Confirmation_OR/Page_CURA Healthcare Service/input_username'

05-02-2024T22:10:30 - [MESSAGE][PASSED] - Text 'John Doe' is set on object 'Object Repository/TL_Cura_Appointment_Confirmation_OR/Page_CURA Healthcare Service/input_username'

05-02-2024T22:10:30 - [TEST_STEP][PASSED] - setEncryptedText(findTestObject("Object Repository/TL_Cura_Appointment_Confirmation_OR/Page_CURA Healthcare Service/input_password"), "g3/DOGG74jC3Flrr3yH+3D/yKbOqqUNM"): Text ****** has been set on object 'Object Repository/TL_Cura_Appointment_Confirmation_OR/Page_CURA Healthcare Service/input_password'

05-02-2024T22:10:30 - [MESSAGE][PASSED] - Text ****** has been set on object 'Object Repository/TL_Cura_Appointment_Confirmation_OR/Page_CURA Healthcare Service/input_password'

05-02-2024T22:10:31 - [TEST_STEP][PASSED] - click(findTestObject("Object Repository/TL_Cura_Appointment_Confirmation_OR/Page_CURA Healthcare Service/button_Login")): Object: 'Object Repository/TL_Cura_Appointment_Confirmation_OR/Page_CURA Healthcare Service/button_Login' is clicked on

05-02-2024T22:10:32 - [MESSAGE][PASSED] - Object: 'Object Repository/TL_Cura_Appointment_Confirmation_OR/Page_CURA Healthcare Service/button_Login' is clicked on

05-02-2024T22:10:32 - [TEST_STEP][PASSED] - selectOptionByValue(findTestObject("Object Repository/TL_Cura_Appointment_Confirmation_OR/Page_CURA Healthcare Service/select_Tokyo CURA Healthcare Center        _5b4107"), "Hongkong CURA Healthcare Center", true): All options with value 'Hongkong CURA Healthcare Center' are selected in object 'Object Repository/TL_Cura_Appointment_Confirmation_OR/Page_CURA Healthcare Service/select_Tokyo CURA Healthcare Center        _5b4107'  using regular expression

05-02-2024T22:10:34 - [MESSAGE][PASSED] - All options with value 'Hongkong CURA Healthcare Center' are selected in object 'Object Repository/TL_Cura_Appointment_Confirmation_OR/Page_CURA Healthcare Service/select_Tokyo CURA Healthcare Center        _5b4107'  using regular expression

05-02-2024T22:10:34 - [TEST_STEP][PASSED] - click(findTestObject("Object Repository/TL_Cura_Appointment_Confirmation_OR/Page_CURA Healthcare Service/label_Apply for hospital readmission")): Object: 'Object Repository/TL_Cura_Appointment_Confirmation_OR/Page_CURA Healthcare Service/label_Apply for hospital readmission' is clicked on

05-02-2024T22:10:34 - [MESSAGE][PASSED] - Object: 'Object Repository/TL_Cura_Appointment_Confirmation_OR/Page_CURA Healthcare Service/label_Apply for hospital readmission' is clicked on

05-02-2024T22:10:34 - [TEST_STEP][PASSED] - click(findTestObject("Object Repository/TL_Cura_Appointment_Confirmation_OR/Page_CURA Healthcare Service/input_programs")): Object: 'Object Repository/TL_Cura_Appointment_Confirmation_OR/Page_CURA Healthcare Service/input_programs' is clicked on

05-02-2024T22:10:35 - [MESSAGE][PASSED] - Object: 'Object Repository/TL_Cura_Appointment_Confirmation_OR/Page_CURA Healthcare Service/input_programs' is clicked on

05-02-2024T22:10:35 - [TEST_STEP][PASSED] - click(findTestObject("Object Repository/TL_Cura_Appointment_Confirmation_OR/Page_CURA Healthcare Service/div_input-group-addon")): Object: 'Object Repository/TL_Cura_Appointment_Confirmation_OR/Page_CURA Healthcare Service/div_input-group-addon' is clicked on

05-02-2024T22:10:36 - [MESSAGE][PASSED] - Object: 'Object Repository/TL_Cura_Appointment_Confirmation_OR/Page_CURA Healthcare Service/div_input-group-addon' is clicked on

05-02-2024T22:10:36 - [TEST_STEP][PASSED] - click(findTestObject("Object Repository/TL_Cura_Appointment_Confirmation_OR/Page_CURA Healthcare Service/td_20")): Object: 'Object Repository/TL_Cura_Appointment_Confirmation_OR/Page_CURA Healthcare Service/td_20' is clicked on

05-02-2024T22:10:37 - [MESSAGE][PASSED] - Object: 'Object Repository/TL_Cura_Appointment_Confirmation_OR/Page_CURA Healthcare Service/td_20' is clicked on

05-02-2024T22:10:37 - [TEST_STEP][PASSED] - click(findTestObject("Object Repository/TL_Cura_Appointment_Confirmation_OR/Page_CURA Healthcare Service/button_Book Appointment")): Object: 'Object Repository/TL_Cura_Appointment_Confirmation_OR/Page_CURA Healthcare Service/button_Book Appointment' is clicked on

05-02-2024T22:10:39 - [MESSAGE][PASSED] - Object: 'Object Repository/TL_Cura_Appointment_Confirmation_OR/Page_CURA Healthcare Service/button_Book Appointment' is clicked on

05-02-2024T22:10:39 - [TEST_STEP][PASSED] - Start listener action : sampleAfterTestCase: Object: 'Object Repository/TL_Cura_Appointment_Confirmation_OR/Page_CURA Healthcare Service/a_Home' is clicked on

05-02-2024T22:10:39 - [TEST_STEP][PASSED] - click(findTestObject("Object Repository/TL_Cura_Appointment_Confirmation_OR/Page_CURA Healthcare Service/i_fa fa-bars")): Object: 'Object Repository/TL_Cura_Appointment_Confirmation_OR/Page_CURA Healthcare Service/i_fa fa-bars' is clicked on

05-02-2024T22:10:40 - [MESSAGE][PASSED] - Object: 'Object Repository/TL_Cura_Appointment_Confirmation_OR/Page_CURA Healthcare Service/i_fa fa-bars' is clicked on

05-02-2024T22:10:40 - [TEST_STEP][PASSED] - click(findTestObject("Object Repository/TL_Cura_Appointment_Confirmation_OR/Page_CURA Healthcare Service/a_Home")): Object: 'Object Repository/TL_Cura_Appointment_Confirmation_OR/Page_CURA Healthcare Service/a_Home' is clicked on

05-02-2024T22:10:42 - [MESSAGE][PASSED] - Object: 'Object Repository/TL_Cura_Appointment_Confirmation_OR/Page_CURA Healthcare Service/a_Home' is clicked on]]></system-out>
         <system-err><![CDATA[]]></system-err>
      </testcase>
      <system-out><![CDATA[05-02-2024T22:10:09 - [TEST_SUITE][PASSED] - Test Suite_Cura_Appointment_Confirmation_001_TL: Test Cases/TestListener_Cura_Appointment_confirmation/TC_cura_Appoitment_Confirmation_001_TL]]></system-out>
      <system-err><![CDATA[]]></system-err>
   </testsuite>
</testsuites>
