<?xml version="1.0" encoding="UTF-8"?>
<testsuites name="Jenkins_Cura_Login_Validation_001" time="19.854" tests="1" failures="0" errors="0">
   <testsuite name="Jenkins_Cura_Login_Validation_001" tests="1" failures="0" errors="0" time="19.854" skipped="0" timestamp="31-01-2024T10:15:30" hostname="sneha - 10.1.92.101" id="Test Suites/TS_Cura_Login_Validation_001_Jenkins/Jenkins_Cura_Login_Validation_001">
      <properties>
         <property name="deviceName" value=""/>
         <property name="devicePlatform" value=""/>
         <property name="logFolder" value="C:\\Users\\sneha\\git\\SI-GuidedProject-706119-1705124660\\Reports\\20240131_101514\\TS_Cura_Login_Validation_001_Jenkins\\Jenkins_Cura_Login_Validation_001\\20240131_101524"/>
         <property name="logFiles" value="C:\\Users\\sneha\\git\\SI-GuidedProject-706119-1705124660\\Reports\\20240131_101514\\TS_Cura_Login_Validation_001_Jenkins\\Jenkins_Cura_Login_Validation_001\\20240131_101524\\execution0.log"/>
         <property name="attachments" value=""/>
         <property name="hostName" value="sneha - 10.1.92.101"/>
         <property name="os" value="Windows 11 64bit"/>
         <property name="katalonVersion" value="9.2.0.212"/>
         <property name="browser" value="Chrome 121.0.0.0"/>
         <property name="hostAddress" value="10.1.92.101"/>
         <property name="sessionId" value="ea507d9c9c6ba92a16989ab8981fa6ce"/>
         <property name="seleniumVersion" value="3.141.59"/>
         <property name="proxyInformation" value="ProxyInformation { proxyOption=NO_PROXY, proxyServerType=HTTP, username=, password=********, proxyServerAddress=, proxyServerPort=0, executionList=&quot;&quot;, isApplyToDesiredCapabilities=true }"/>
         <property name="platform" value="Windows 11"/>
      </properties>
      <testcase name="Test Cases/TC_Login_Validation/TC_Cura_Login_Validation_001" time="19.314" classname="Test Cases/TC_Login_Validation/TC_Cura_Login_Validation_001" status="PASSED">
         <system-out><![CDATA[31-01-2024T10:15:31 - [TEST_CASE][PASSED] - Test Cases/TC_Login_Validation/TC_Cura_Login_Validation_001: Test Cases/TC_Login_Validation/TC_Cura_Login_Validation_001

31-01-2024T10:15:31 - [TEST_STEP][PASSED] - openBrowser(""): Browser is opened with url: ''

31-01-2024T10:15:32 - [MESSAGE][INFO] - Starting 'Chrome' driver

31-01-2024T10:15:32 - [MESSAGE][INFO] - Action delay is set to 0 milliseconds

31-01-2024T10:15:36 - [MESSAGE][PASSED] - Browser is opened with url: ''

31-01-2024T10:15:36 - [TEST_STEP][PASSED] - navigateToUrl("https://katalon-demo-cura.herokuapp.com/"): Navigate to 'https://katalon-demo-cura.herokuapp.com/' successfully

31-01-2024T10:15:38 - [MESSAGE][PASSED] - Navigate to 'https://katalon-demo-cura.herokuapp.com/' successfully

31-01-2024T10:15:38 - [TEST_STEP][PASSED] - click(findTestObject("Object Repository/Cura_Login_Validation_OR/Page_CURA Healthcare Service/i_fa fa-bars")): Object: 'Object Repository/Cura_Login_Validation_OR/Page_CURA Healthcare Service/i_fa fa-bars' is clicked on

31-01-2024T10:15:39 - [MESSAGE][PASSED] - Object: 'Object Repository/Cura_Login_Validation_OR/Page_CURA Healthcare Service/i_fa fa-bars' is clicked on

31-01-2024T10:15:39 - [TEST_STEP][PASSED] - click(findTestObject("Object Repository/Cura_Login_Validation_OR/Page_CURA Healthcare Service/a_Login")): Object: 'Object Repository/Cura_Login_Validation_OR/Page_CURA Healthcare Service/a_Login' is clicked on

31-01-2024T10:15:41 - [MESSAGE][PASSED] - Object: 'Object Repository/Cura_Login_Validation_OR/Page_CURA Healthcare Service/a_Login' is clicked on

31-01-2024T10:15:41 - [TEST_STEP][PASSED] - setText(findTestObject("Object Repository/Cura_Login_Validation_OR/Page_CURA Healthcare Service/input_username"), "John Doe"): Text 'John Doe' is set on object 'Object Repository/Cura_Login_Validation_OR/Page_CURA Healthcare Service/input_username'

31-01-2024T10:15:42 - [MESSAGE][PASSED] - Text 'John Doe' is set on object 'Object Repository/Cura_Login_Validation_OR/Page_CURA Healthcare Service/input_username'

31-01-2024T10:15:42 - [TEST_STEP][PASSED] - setEncryptedText(findTestObject("Object Repository/Cura_Login_Validation_OR/Page_CURA Healthcare Service/input_password"), "g3/DOGG74jC3Flrr3yH+3D/yKbOqqUNM"): Text ****** has been set on object 'Object Repository/Cura_Login_Validation_OR/Page_CURA Healthcare Service/input_password'

31-01-2024T10:15:42 - [MESSAGE][PASSED] - Text ****** has been set on object 'Object Repository/Cura_Login_Validation_OR/Page_CURA Healthcare Service/input_password'

31-01-2024T10:15:42 - [TEST_STEP][PASSED] - click(findTestObject("Object Repository/Cura_Login_Validation_OR/Page_CURA Healthcare Service/button_Login")): Object: 'Object Repository/Cura_Login_Validation_OR/Page_CURA Healthcare Service/button_Login' is clicked on

31-01-2024T10:15:43 - [MESSAGE][PASSED] - Object: 'Object Repository/Cura_Login_Validation_OR/Page_CURA Healthcare Service/button_Login' is clicked on

31-01-2024T10:15:43 - [TEST_STEP][PASSED] - selectOptionByValue(findTestObject("Object Repository/Cura_Login_Validation_OR/Page_CURA Healthcare Service/select_Tokyo CURA Healthcare Center        _5b4107"), "Hongkong CURA Healthcare Center", true): All options with value 'Hongkong CURA Healthcare Center' are selected in object 'Object Repository/Cura_Login_Validation_OR/Page_CURA Healthcare Service/select_Tokyo CURA Healthcare Center        _5b4107'  using regular expression

31-01-2024T10:15:44 - [MESSAGE][PASSED] - All options with value 'Hongkong CURA Healthcare Center' are selected in object 'Object Repository/Cura_Login_Validation_OR/Page_CURA Healthcare Service/select_Tokyo CURA Healthcare Center        _5b4107'  using regular expression

31-01-2024T10:15:44 - [TEST_STEP][PASSED] - click(findTestObject("Object Repository/Cura_Login_Validation_OR/Page_CURA Healthcare Service/input_hospital_readmission")): Object: 'Object Repository/Cura_Login_Validation_OR/Page_CURA Healthcare Service/input_hospital_readmission' is clicked on

31-01-2024T10:15:45 - [MESSAGE][PASSED] - Object: 'Object Repository/Cura_Login_Validation_OR/Page_CURA Healthcare Service/input_hospital_readmission' is clicked on

31-01-2024T10:15:45 - [TEST_STEP][PASSED] - click(findTestObject("Object Repository/Cura_Login_Validation_OR/Page_CURA Healthcare Service/div_input-group-addon")): Object: 'Object Repository/Cura_Login_Validation_OR/Page_CURA Healthcare Service/div_input-group-addon' is clicked on

31-01-2024T10:15:45 - [MESSAGE][PASSED] - Object: 'Object Repository/Cura_Login_Validation_OR/Page_CURA Healthcare Service/div_input-group-addon' is clicked on

31-01-2024T10:15:45 - [TEST_STEP][PASSED] - click(findTestObject("Object Repository/Cura_Login_Validation_OR/Page_CURA Healthcare Service/td_24")): Object: 'Object Repository/Cura_Login_Validation_OR/Page_CURA Healthcare Service/td_24' is clicked on

31-01-2024T10:15:46 - [MESSAGE][PASSED] - Object: 'Object Repository/Cura_Login_Validation_OR/Page_CURA Healthcare Service/td_24' is clicked on

31-01-2024T10:15:46 - [TEST_STEP][PASSED] - click(findTestObject("Object Repository/Cura_Login_Validation_OR/Page_CURA Healthcare Service/button_Book Appointment")): Object: 'Object Repository/Cura_Login_Validation_OR/Page_CURA Healthcare Service/button_Book Appointment' is clicked on

31-01-2024T10:15:47 - [MESSAGE][PASSED] - Object: 'Object Repository/Cura_Login_Validation_OR/Page_CURA Healthcare Service/button_Book Appointment' is clicked on

31-01-2024T10:15:47 - [TEST_STEP][PASSED] - click(findTestObject("Object Repository/Cura_Login_Validation_OR/Page_CURA Healthcare Service/a_Go to Homepage")): Object: 'Object Repository/Cura_Login_Validation_OR/Page_CURA Healthcare Service/a_Go to Homepage' is clicked on

31-01-2024T10:15:48 - [MESSAGE][PASSED] - Object: 'Object Repository/Cura_Login_Validation_OR/Page_CURA Healthcare Service/a_Go to Homepage' is clicked on

31-01-2024T10:15:48 - [TEST_STEP][PASSED] - click(findTestObject("Object Repository/Cura_Login_Validation_OR/Page_CURA Healthcare Service/amenu-toggle")): Object: 'Object Repository/Cura_Login_Validation_OR/Page_CURA Healthcare Service/amenu-toggle' is clicked on

31-01-2024T10:15:49 - [MESSAGE][PASSED] - Object: 'Object Repository/Cura_Login_Validation_OR/Page_CURA Healthcare Service/amenu-toggle' is clicked on

31-01-2024T10:15:49 - [TEST_STEP][PASSED] - click(findTestObject("Object Repository/Cura_Login_Validation_OR/Page_CURA Healthcare Service/a_Logout")): Object: 'Object Repository/Cura_Login_Validation_OR/Page_CURA Healthcare Service/a_Logout' is clicked on

31-01-2024T10:15:50 - [MESSAGE][PASSED] - Object: 'Object Repository/Cura_Login_Validation_OR/Page_CURA Healthcare Service/a_Logout' is clicked on

31-01-2024T10:15:50 - [TEST_STEP][PASSED] - closeBrowser(): Browser is closed

31-01-2024T10:15:50 - [MESSAGE][PASSED] - Browser is closed]]></system-out>
         <system-err><![CDATA[]]></system-err>
      </testcase>
      <system-out><![CDATA[31-01-2024T10:15:30 - [TEST_SUITE][PASSED] - Jenkins_Cura_Login_Validation_001: Test Cases/TC_Login_Validation/TC_Cura_Login_Validation_001]]></system-out>
      <system-err><![CDATA[]]></system-err>
   </testsuite>
</testsuites>
