<?xml version="1.0" encoding="UTF-8"?>
<testsuites name="Test Suite_Cura_Appointment_drop down button_TL" time="45.436" tests="1" failures="0" errors="0">
   <testsuite name="Test Suite_Cura_Appointment_drop down button_TL" tests="1" failures="0" errors="0" time="45.436" skipped="0" timestamp="04-02-2024T15:09:52" hostname="sneha - 10.1.60.203" id="Test Suites/Test listener_Cura_Appointment_drop down button_test suite/Test Suite_Cura_Appointment_drop down button_TL">
      <properties>
         <property name="deviceName" value=""/>
         <property name="devicePlatform" value=""/>
         <property name="logFolder" value="C:\\Users\\sneha\\git\\SI-GuidedProject-706119-1705124660\\Reports\\20240204_150946\\Test listener_Cura_Appointment_drop down button_test suite\\Test Suite_Cura_Appointment_drop down button_TL\\20240204_150946"/>
         <property name="logFiles" value="C:\\Users\\sneha\\git\\SI-GuidedProject-706119-1705124660\\Reports\\20240204_150946\\Test listener_Cura_Appointment_drop down button_test suite\\Test Suite_Cura_Appointment_drop down button_TL\\20240204_150946\\execution0.log"/>
         <property name="attachments" value=""/>
         <property name="hostName" value="sneha - 10.1.60.203"/>
         <property name="os" value="Windows 11 64bit"/>
         <property name="katalonVersion" value="9.1.0.212"/>
         <property name="browser" value="Chrome 121.0.0.0"/>
         <property name="hostAddress" value="10.1.60.203"/>
         <property name="sessionId" value="184f1ec08f10d36288f15d3b98e9fe2d"/>
         <property name="seleniumVersion" value="3.141.59"/>
         <property name="proxyInformation" value="ProxyInformation { proxyOption=NO_PROXY, proxyServerType=HTTP, username=, password=********, proxyServerAddress=, proxyServerPort=0, executionList=&quot;&quot;, isApplyToDesiredCapabilities=true }"/>
         <property name="platform" value="Windows 11"/>
      </properties>
      <testcase name="Test Cases/Test Listener_Cura_Appointment_Buttons/TC_Cura_Appointment_Facility_001_Drop Down Buttons" time="9.786" classname="Test Cases/Test Listener_Cura_Appointment_Buttons/TC_Cura_Appointment_Facility_001_Drop Down Buttons" status="PASSED">
         <system-out><![CDATA[04-02-2024T15:10:27 - [TEST_CASE][PASSED] - Test Cases/Test Listener_Cura_Appointment_Buttons/TC_Cura_Appointment_Facility_001_Drop Down Buttons: Test Cases/Test Listener_Cura_Appointment_Buttons/TC_Cura_Appointment_Facility_001_Drop Down Buttons

04-02-2024T15:10:28 - [TEST_STEP][PASSED] - Start listener action : sampleBeforeTestCase: Object: 'Object Repository/Test Listener_Cura_Appointment_Drop down button_OR/Page_CURA Healthcare Service/button_Login' is clicked on

04-02-2024T15:10:28 - [TEST_STEP][PASSED] - setText(findTestObject("Object Repository/Test Listener_Cura_Appointment_Drop down button_OR/Page_CURA Healthcare Service/input_username"), "John Doe"): Text 'John Doe' is set on object 'Object Repository/Test Listener_Cura_Appointment_Drop down button_OR/Page_CURA Healthcare Service/input_username'

04-02-2024T15:10:29 - [MESSAGE][PASSED] - Text 'John Doe' is set on object 'Object Repository/Test Listener_Cura_Appointment_Drop down button_OR/Page_CURA Healthcare Service/input_username'

04-02-2024T15:10:29 - [TEST_STEP][PASSED] - setEncryptedText(findTestObject("Object Repository/Test Listener_Cura_Appointment_Drop down button_OR/Page_CURA Healthcare Service/input_password"), "g3/DOGG74jC3Flrr3yH+3D/yKbOqqUNM"): Text ****** has been set on object 'Object Repository/Test Listener_Cura_Appointment_Drop down button_OR/Page_CURA Healthcare Service/input_password'

04-02-2024T15:10:29 - [MESSAGE][PASSED] - Text ****** has been set on object 'Object Repository/Test Listener_Cura_Appointment_Drop down button_OR/Page_CURA Healthcare Service/input_password'

04-02-2024T15:10:29 - [TEST_STEP][PASSED] - click(findTestObject("Object Repository/Test Listener_Cura_Appointment_Drop down button_OR/Page_CURA Healthcare Service/button_Login")): Object: 'Object Repository/Test Listener_Cura_Appointment_Drop down button_OR/Page_CURA Healthcare Service/button_Login' is clicked on

04-02-2024T15:10:31 - [MESSAGE][PASSED] - Object: 'Object Repository/Test Listener_Cura_Appointment_Drop down button_OR/Page_CURA Healthcare Service/button_Login' is clicked on

04-02-2024T15:10:31 - [TEST_STEP][PASSED] - selectOptionByValue(findTestObject("Object Repository/Test Listener_Cura_Appointment_Drop down button_OR/Page_CURA Healthcare Service/select_Tokyo CURA Healthcare Center        _5b4107"), Facility, true): All options with value 'Hongkong CURA Healthcare Center' are selected in object 'Object Repository/Test Listener_Cura_Appointment_Drop down button_OR/Page_CURA Healthcare Service/select_Tokyo CURA Healthcare Center        _5b4107'  using regular expression

04-02-2024T15:10:32 - [MESSAGE][PASSED] - All options with value 'Hongkong CURA Healthcare Center' are selected in object 'Object Repository/Test Listener_Cura_Appointment_Drop down button_OR/Page_CURA Healthcare Service/select_Tokyo CURA Healthcare Center        _5b4107'  using regular expression

04-02-2024T15:10:32 - [TEST_STEP][PASSED] - click(findTestObject("Object Repository/Test Listener_Cura_Appointment_Drop down button_OR/Page_CURA Healthcare Service/amenu-toggle")): Object: 'Object Repository/Test Listener_Cura_Appointment_Drop down button_OR/Page_CURA Healthcare Service/amenu-toggle' is clicked on

04-02-2024T15:10:32 - [MESSAGE][PASSED] - Object: 'Object Repository/Test Listener_Cura_Appointment_Drop down button_OR/Page_CURA Healthcare Service/amenu-toggle' is clicked on

04-02-2024T15:10:32 - [TEST_STEP][PASSED] - Start listener action : sampleAfterTestCase: Object: 'Object Repository/Test Listener_Cura_Appointment_Drop down button_OR/Page_CURA Healthcare Service/a_Home' is clicked on

04-02-2024T15:10:32 - [TEST_STEP][PASSED] - delay(3): Delayed 3 second(s)

04-02-2024T15:10:36 - [MESSAGE][PASSED] - Delayed 3 second(s)

04-02-2024T15:10:36 - [TEST_STEP][PASSED] - click(findTestObject("Object Repository/Test Listener_Cura_Appointment_Drop down button_OR/Page_CURA Healthcare Service/a_Home")): Object: 'Object Repository/Test Listener_Cura_Appointment_Drop down button_OR/Page_CURA Healthcare Service/a_Home' is clicked on

04-02-2024T15:10:37 - [MESSAGE][PASSED] - Object: 'Object Repository/Test Listener_Cura_Appointment_Drop down button_OR/Page_CURA Healthcare Service/a_Home' is clicked on]]></system-out>
         <system-err><![CDATA[]]></system-err>
      </testcase>
      <system-out><![CDATA[04-02-2024T15:09:52 - [TEST_SUITE][PASSED] - Test Suite_Cura_Appointment_drop down button_TL: Test Cases/Test Listener_Cura_Appointment_Buttons/TC_Cura_Appointment_Facility_001_Drop Down Buttons]]></system-out>
      <system-err><![CDATA[]]></system-err>
   </testsuite>
</testsuites>
